2024-02-28 19:01:52,304	[DEBUG]	==== CONFIG ====
[magpie]
import = 
seed = 42
log_dir = _magpie_logs
work_dir = _magpie_work
final_out_dir = experiments/temp
local_original_copy = True
local_original_name = __original__
output_encoding = ascii
edit_retries = 10
default_timeout = 30
default_lengthout = 10000.0
diff_method = unified
trust_local_filesystem = True

[software]
path = examples/code/triangle-cpp_slow
target_files = 
	triangle.cpp.xml
program = BasicProgram
engine_rules = 
	*.params : ConfigFileParamsEngine
	*.xml : SrcmlEngine
	* : LineEngine
engine_config = 
	*.params : [params]
	*.xml : [srcml]
init_cmd = 
init_timeout = 60
init_lengthout = -1
setup_cmd = ./setup.sh
setup_timeout = 
setup_lengthout = 
compile_cmd = ./compile.sh
compile_timeout = 
compile_lengthout = 
test_cmd = ./build/test_triangle
test_timeout = 
test_lengthout = 
run_cmd = ./build/run_triangle
run_timeout = 1
run_lengthout = 
batch_timeout = 
batch_lengthout = 
batch_bin_fitness_strategy = aggregate
batch_fitness_strategy = sum
fitness = time

[srcml]
rename = 
focus = block break continue decl_stmt do expr_stmt for goto if return switch while
internodes = block
process_pseudo_blocks = True
process_literals = False
process_operators = False

[params]
timing = test run
cli_prefix = --
cli_glue = =
cli_boolean = show
cli_boolean_prefix_true = 
cli_boolean_prefix_false = no-
silent_prefix = @
silent_suffix = $

[search]
protocol = BasicProtocol
algorithm = RandomSearch
possible_edits = 
	BreakDeletion
	ContinueDeletion
	DeclStmtDeletion
	DoDeletion
	ExprStmtDeletion
	ForDeletion
	GotoDeletion
	IfDeletion
	ReturnDeletion
	SwitchDeletion
	WhileDeletion
	BreakReplacement
	ContinueReplacement
	DeclStmtReplacement
	DoReplacement
	ExprStmtReplacement
	ForReplacement
	GotoReplacement
	IfReplacement
	ReturnReplacement
	SwitchReplacement
	WhileReplacement
	BreakInsertion
	ContinueInsertion
	DeclStmtInsertion
	DoInsertion
	ExprStmtInsertion
	ForInsertion
	GotoInsertion
	IfInsertion
	ReturnInsertion
	SwitchInsertion
	WhileInsertion
warmup = 1
warmup_strategy = last
max_steps = 100
max_time = 60
target_fitness = 
cache_maxsize = 40
cache_keep = 0.2
batch_instances = 
batch_shuffle = True
batch_bin_shuffle = False
batch_sample_size = 1

[search.ls]
delete_prob = 0.5
max_neighbours = 
when_trapped = continue
accept_fail = False
tabu_length = 10

[search.gp]
pop_size = 10
delete_prob = 0.5
offspring_elitism = 0.1
offspring_crossover = 0.5
offspring_mutation = 0.4
uniform_rate = 0.5
batch_reset = True

[search.minify]
do_cleanup = True
do_rebuild = True
do_simplify = True
round_robin_limit = 3


2024-02-28 19:01:52,308	[INFO]	==== WARMUP ====
2024-02-28 19:01:55,592	[DEBUG]	EXEC>  SUCCESS 0.0887
2024-02-28 19:01:55,593	[INFO]	WARM    SUCCESS               0.0887                  
2024-02-28 19:01:55,593	[INFO]	INITIAL SUCCESS               0.0887                  
2024-02-28 19:01:55,594	[INFO]	==== START: RandomSearch ====
2024-02-28 19:01:56,718	[DEBUG]	ExprStmtDeletion(('triangle.cpp.xml', 'expr_stmt', 9))
2024-02-28 19:01:56,719	[INFO]	1       TEST_CODE_ERROR       None  [1 edit(s)]       
2024-02-28 19:01:57,405	[DEBUG]	ExprStmtDeletion(('triangle.cpp.xml', 'expr_stmt', 10))
2024-02-28 19:01:57,405	[INFO]	2       TEST_CODE_ERROR       None  [1 edit(s)]       
2024-02-28 19:01:58,162	[DEBUG]	EXEC>  SUCCESS 0.0887
2024-02-28 19:01:58,163	[DEBUG]	IfDeletion(('triangle.cpp.xml', 'if', 0))
2024-02-28 19:01:58,164	[INFO]	3       SUCCESS               0.0887 (100.0%) [1 edit(s)] 
2024-02-28 19:01:58,923	[DEBUG]	EXEC>  SUCCESS 0.088
2024-02-28 19:01:58,923	[DEBUG]	DeclStmtInsertion(('triangle.cpp.xml', '_inter_block', 24), ('triangle.cpp.xml', 'decl_stmt', 0))
2024-02-28 19:01:58,924	[INFO]	4       SUCCESS              *0.088 (99.21%) [1 edit(s)] 
2024-02-28 19:01:58,925	[DEBUG]	--- before: triangle.cpp
+++ after: triangle.cpp
@@ -26,6 +26,7 @@
   if(b > c) {
     tmp = b;
     b = c;
+    const struct timespec ms = {0, (long int) (0.001*1e9)};
     c = tmp;
   }
 

2024-02-28 19:01:59,580	[DEBUG]	IfReplacement(('triangle.cpp.xml', 'if', 4), ('triangle.cpp.xml', 'stmt', 15))
2024-02-28 19:01:59,580	[INFO]	5       TEST_CODE_ERROR       None  [1 edit(s)]       
2024-02-28 19:01:59,702	[DEBUG]	DeclStmtReplacement(('triangle.cpp.xml', 'decl_stmt', 0), ('triangle.cpp.xml', 'stmt', 11))
2024-02-28 19:01:59,702	[INFO]	6       COMPILE_CODE_ERROR    None  [1 edit(s)]       
2024-02-28 19:02:00,474	[DEBUG]	ReturnDeletion(('triangle.cpp.xml', 'return', 3))
2024-02-28 19:02:00,474	[INFO]	7       TEST_CODE_ERROR       None  [1 edit(s)]       
2024-02-28 19:02:01,225	[DEBUG]	EXEC>  SUCCESS 0.0876
2024-02-28 19:02:01,225	[DEBUG]	IfInsertion(('triangle.cpp.xml', '_inter_block', 24), ('triangle.cpp.xml', 'if', 3))
2024-02-28 19:02:01,226	[INFO]	8       SUCCESS              *0.0876 (98.76%) [1 edit(s)] 
2024-02-28 19:02:01,227	[DEBUG]	--- before: triangle.cpp
+++ after: triangle.cpp
@@ -26,6 +26,10 @@
   if(b > c) {
     tmp = b;
     b = c;
+    if(a + b <= c)
+      /*auto*/{
+        return INVALID;
+      }/*auto*/
     c = tmp;
   }
 

2024-02-28 19:02:01,906	[DEBUG]	ExprStmtInsertion(('triangle.cpp.xml', '_inter_block', 7), ('triangle.cpp.xml', 'expr_stmt', 9))
2024-02-28 19:02:01,906	[INFO]	9       TEST_CODE_ERROR       None  [1 edit(s)]       
2024-02-28 19:02:02,545	[DEBUG]	ExprStmtInsertion(('triangle.cpp.xml', '_inter_block', 11), ('triangle.cpp.xml', 'expr_stmt', 9))
2024-02-28 19:02:02,546	[INFO]	10      TEST_CODE_ERROR       None  [1 edit(s)]       
2024-02-28 19:02:03,266	[DEBUG]	EXEC>  SUCCESS 0.0892
2024-02-28 19:02:03,267	[DEBUG]	DeclStmtReplacement(('triangle.cpp.xml', 'decl_stmt', 1), ('triangle.cpp.xml', 'stmt', 1))
2024-02-28 19:02:03,267	[INFO]	11      SUCCESS               0.0892 (100.56%) [1 edit(s)] 
2024-02-28 19:02:03,950	[DEBUG]	ReturnInsertion(('triangle.cpp.xml', '_inter_block', 22), ('triangle.cpp.xml', 'return', 0))
2024-02-28 19:02:03,951	[INFO]	12      TEST_CODE_ERROR       None  [1 edit(s)]       
2024-02-28 19:02:04,064	[DEBUG]	DeclStmtDeletion(('triangle.cpp.xml', 'decl_stmt', 1))
2024-02-28 19:02:04,065	[INFO]	13      COMPILE_CODE_ERROR    None  [1 edit(s)]       
2024-02-28 19:02:04,169	[DEBUG]	DeclStmtDeletion(('triangle.cpp.xml', 'decl_stmt', 0))
2024-02-28 19:02:04,170	[INFO]	14      COMPILE_CODE_ERROR    None  [1 edit(s)]       
2024-02-28 19:02:04,803	[DEBUG]	ExprStmtDeletion(('triangle.cpp.xml', 'expr_stmt', 10))
2024-02-28 19:02:04,803	[INFO]	15      TEST_CODE_ERROR       None  [1 edit(s)]       
2024-02-28 19:02:04,919	[DEBUG]	DeclStmtReplacement(('triangle.cpp.xml', 'decl_stmt', 0), ('triangle.cpp.xml', 'stmt', 1))
2024-02-28 19:02:04,920	[INFO]	16      COMPILE_CODE_ERROR    None  [1 edit(s)]       
2024-02-28 19:02:05,589	[DEBUG]	ReturnDeletion(('triangle.cpp.xml', 'return', 0))
2024-02-28 19:02:05,589	[INFO]	17      TEST_CODE_ERROR       None  [1 edit(s)]       
2024-02-28 19:02:05,746	[DEBUG]	DeclStmtDeletion(('triangle.cpp.xml', 'decl_stmt', 0))
2024-02-28 19:02:05,746	[INFO]	18      COMPILE_CODE_ERROR    None  [1 edit(s)]       
2024-02-28 19:02:05,870	[DEBUG]	ReturnInsertion(('triangle.cpp.xml', '_inter_block', 2), ('triangle.cpp.xml', 'return', 2))
2024-02-28 19:02:05,871	[INFO]	19      COMPILE_CODE_ERROR    None  [1 edit(s)]       
2024-02-28 19:02:06,523	[DEBUG]	ReturnInsertion(('triangle.cpp.xml', '_inter_block', 26), ('triangle.cpp.xml', 'return', 2))
2024-02-28 19:02:06,524	[INFO]	20      TEST_CODE_ERROR       None  [1 edit(s)]       
2024-02-28 19:02:07,159	[DEBUG]	DeclStmtInsertion(('triangle.cpp.xml', '_inter_block', 24), ('triangle.cpp.xml', 'decl_stmt', 1))
2024-02-28 19:02:07,160	[INFO]	21      TEST_CODE_ERROR       None  [1 edit(s)]       
2024-02-28 19:02:07,280	[DEBUG]	IfReplacement(('triangle.cpp.xml', 'if', 2), ('triangle.cpp.xml', 'stmt', 1))
2024-02-28 19:02:07,280	[INFO]	22      COMPILE_CODE_ERROR    None  [1 edit(s)]       
2024-02-28 19:02:07,399	[DEBUG]	DeclStmtDeletion(('triangle.cpp.xml', 'decl_stmt', 0))
2024-02-28 19:02:07,400	[INFO]	23      COMPILE_CODE_ERROR    None  [1 edit(s)]       
2024-02-28 19:02:08,027	[DEBUG]	ReturnReplacement(('triangle.cpp.xml', 'return', 3), ('triangle.cpp.xml', 'stmt', 9))
2024-02-28 19:02:08,028	[INFO]	24      TEST_CODE_ERROR       None  [1 edit(s)]       
2024-02-28 19:02:08,662	[DEBUG]	ExprStmtDeletion(('triangle.cpp.xml', 'expr_stmt', 9))
2024-02-28 19:02:08,662	[INFO]	25      TEST_CODE_ERROR       None  [1 edit(s)]       
2024-02-28 19:02:09,293	[DEBUG]	ReturnReplacement(('triangle.cpp.xml', 'return', 3), ('triangle.cpp.xml', 'stmt', 3))
2024-02-28 19:02:09,294	[INFO]	26      TEST_CODE_ERROR       None  [1 edit(s)]       
2024-02-28 19:02:09,407	[DEBUG]	ExprStmtInsertion(('triangle.cpp.xml', '_inter_block', 27), ('triangle.cpp.xml', 'expr_stmt', 0))
2024-02-28 19:02:09,407	[INFO]	27      COMPILE_CODE_ERROR    None  [1 edit(s)]       
2024-02-28 19:02:10,031	[DEBUG]	ExprStmtInsertion(('triangle.cpp.xml', '_inter_block', 6), ('triangle.cpp.xml', 'expr_stmt', 6))
2024-02-28 19:02:10,032	[INFO]	28      TEST_CODE_ERROR       None  [1 edit(s)]       
2024-02-28 19:02:10,152	[DEBUG]	DeclStmtReplacement(('triangle.cpp.xml', 'decl_stmt', 1), ('triangle.cpp.xml', 'stmt', 19))
2024-02-28 19:02:10,152	[INFO]	29      COMPILE_CODE_ERROR    None  [1 edit(s)]       
2024-02-28 19:02:10,153	[DEBUG]	IfReplacement(('triangle.cpp.xml', 'if', 0), ('triangle.cpp.xml', 'stmt', 13))
2024-02-28 19:02:10,154	[INFO]	30      SUCCESS               0.0892 (100.56%) [1 edit(s)] 
2024-02-28 19:02:10,282	[DEBUG]	DeclStmtDeletion(('triangle.cpp.xml', 'decl_stmt', 0))
2024-02-28 19:02:10,295	[INFO]	31      COMPILE_CODE_ERROR    None  [1 edit(s)]       
2024-02-28 19:02:10,963	[DEBUG]	ReturnDeletion(('triangle.cpp.xml', 'return', 2))
2024-02-28 19:02:10,963	[INFO]	32      TEST_CODE_ERROR       None  [1 edit(s)]       
2024-02-28 19:02:11,659	[DEBUG]	ReturnDeletion(('triangle.cpp.xml', 'return', 3))
2024-02-28 19:02:11,660	[INFO]	33      TEST_CODE_ERROR       None  [1 edit(s)]       
2024-02-28 19:02:12,301	[DEBUG]	ReturnReplacement(('triangle.cpp.xml', 'return', 1), ('triangle.cpp.xml', 'stmt', 19))
2024-02-28 19:02:12,301	[INFO]	34      TEST_CODE_ERROR       None  [1 edit(s)]       
2024-02-28 19:02:13,027	[DEBUG]	EXEC>  SUCCESS 0.0891
2024-02-28 19:02:13,028	[DEBUG]	IfInsertion(('triangle.cpp.xml', '_inter_block', 28), ('triangle.cpp.xml', 'if', 4))
2024-02-28 19:02:13,028	[INFO]	35      SUCCESS               0.0891 (100.45%) [1 edit(s)] 
2024-02-28 19:02:13,781	[DEBUG]	EXEC>  SUCCESS 0.0831
2024-02-28 19:02:13,782	[DEBUG]	IfInsertion(('triangle.cpp.xml', '_inter_block', 12), ('triangle.cpp.xml', 'if', 5))
2024-02-28 19:02:13,782	[INFO]	36      SUCCESS              *0.0831 (93.69%) [1 edit(s)] 
2024-02-28 19:02:13,783	[DEBUG]	--- before: triangle.cpp
+++ after: triangle.cpp
@@ -41,5 +41,9 @@
     /*auto*/{
       return ISOSCELES;
     }/*auto*/
+  if(a == b || b == c)
+    /*auto*/{
+      return ISOSCELES;
+    }/*auto*/
   return SCALENE;
 }

2024-02-28 19:02:13,924	[DEBUG]	DeclStmtDeletion(('triangle.cpp.xml', 'decl_stmt', 0))
2024-02-28 19:02:13,925	[INFO]	37      COMPILE_CODE_ERROR    None  [1 edit(s)]       
2024-02-28 19:02:14,627	[DEBUG]	ReturnDeletion(('triangle.cpp.xml', 'return', 1))
2024-02-28 19:02:14,627	[INFO]	38      TEST_CODE_ERROR       None  [1 edit(s)]       
2024-02-28 19:02:15,527	[DEBUG]	EXEC>  SUCCESS 0.0872
2024-02-28 19:02:15,528	[DEBUG]	DeclStmtInsertion(('triangle.cpp.xml', '_inter_block', 13), ('triangle.cpp.xml', 'decl_stmt', 0))
2024-02-28 19:02:15,529	[INFO]	39      SUCCESS               0.0872 (98.31%) [1 edit(s)] 
2024-02-28 19:02:16,408	[DEBUG]	IfDeletion(('triangle.cpp.xml', 'if', 4))
2024-02-28 19:02:16,409	[INFO]	40      TEST_CODE_ERROR       None  [1 edit(s)]       
2024-02-28 19:02:17,156	[DEBUG]	ExprStmtDeletion(('triangle.cpp.xml', 'expr_stmt', 3))
2024-02-28 19:02:17,157	[INFO]	41      TEST_CODE_ERROR       None  [1 edit(s)]       
2024-02-28 19:02:18,181	[DEBUG]	EXEC>  SUCCESS 0.1448
2024-02-28 19:02:18,182	[DEBUG]	DeclStmtInsertion(('triangle.cpp.xml', '_inter_block', 17), ('triangle.cpp.xml', 'decl_stmt', 0))
2024-02-28 19:02:18,183	[INFO]	42      SUCCESS               0.1448 (163.25%) [1 edit(s)] 
2024-02-28 19:02:18,380	[DEBUG]	DeclStmtDeletion(('triangle.cpp.xml', 'decl_stmt', 1))
2024-02-28 19:02:18,381	[INFO]	43      COMPILE_CODE_ERROR    None  [1 edit(s)]       
2024-02-28 19:02:18,382	[DEBUG]	IfInsertion(('triangle.cpp.xml', '_inter_block', 12), ('triangle.cpp.xml', 'if', 5))
2024-02-28 19:02:18,382	[INFO]	44      SUCCESS               0.0831 (93.69%) [1 edit(s)] 
2024-02-28 19:02:19,254	[DEBUG]	EXEC>  SUCCESS 0.0877
2024-02-28 19:02:19,255	[DEBUG]	DeclStmtInsertion(('triangle.cpp.xml', '_inter_block', 22), ('triangle.cpp.xml', 'decl_stmt', 1))
2024-02-28 19:02:19,255	[INFO]	45      SUCCESS               0.0877 (98.87%) [1 edit(s)] 
2024-02-28 19:02:19,928	[DEBUG]	ReturnDeletion(('triangle.cpp.xml', 'return', 0))
2024-02-28 19:02:19,929	[INFO]	46      TEST_CODE_ERROR       None  [1 edit(s)]       
2024-02-28 19:02:20,059	[DEBUG]	DeclStmtDeletion(('triangle.cpp.xml', 'decl_stmt', 0))
2024-02-28 19:02:20,060	[INFO]	47      COMPILE_CODE_ERROR    None  [1 edit(s)]       
2024-02-28 19:02:20,932	[DEBUG]	ReturnInsertion(('triangle.cpp.xml', '_inter_block', 17), ('triangle.cpp.xml', 'return', 3))
2024-02-28 19:02:20,932	[INFO]	48      TEST_CODE_ERROR       None  [1 edit(s)]       
2024-02-28 19:02:20,933	[DEBUG]	IfDeletion(('triangle.cpp.xml', 'if', 0))
2024-02-28 19:02:20,934	[INFO]	49      SUCCESS               0.0887 (100.0%) [1 edit(s)] 
2024-02-28 19:02:21,718	[DEBUG]	ReturnDeletion(('triangle.cpp.xml', 'return', 2))
2024-02-28 19:02:21,719	[INFO]	50      TEST_CODE_ERROR       None  [1 edit(s)]       
2024-02-28 19:02:21,921	[DEBUG]	DeclStmtReplacement(('triangle.cpp.xml', 'decl_stmt', 0), ('triangle.cpp.xml', 'stmt', 8))
2024-02-28 19:02:21,922	[INFO]	51      COMPILE_CODE_ERROR    None  [1 edit(s)]       
2024-02-28 19:02:22,914	[DEBUG]	ExprStmtReplacement(('triangle.cpp.xml', 'expr_stmt', 4), ('triangle.cpp.xml', 'stmt', 12))
2024-02-28 19:02:22,915	[INFO]	52      TEST_CODE_ERROR       None  [1 edit(s)]       
2024-02-28 19:02:23,712	[DEBUG]	ReturnDeletion(('triangle.cpp.xml', 'return', 0))
2024-02-28 19:02:23,713	[INFO]	53      TEST_CODE_ERROR       None  [1 edit(s)]       
2024-02-28 19:02:24,606	[DEBUG]	ReturnInsertion(('triangle.cpp.xml', '_inter_block', 16), ('triangle.cpp.xml', 'return', 3))
2024-02-28 19:02:24,606	[INFO]	54      TEST_CODE_ERROR       None  [1 edit(s)]       
2024-02-28 19:02:25,612	[DEBUG]	ExprStmtDeletion(('triangle.cpp.xml', 'expr_stmt', 3))
2024-02-28 19:02:25,612	[INFO]	55      TEST_CODE_ERROR       None  [1 edit(s)]       
2024-02-28 19:02:25,788	[DEBUG]	DeclStmtReplacement(('triangle.cpp.xml', 'decl_stmt', 1), ('triangle.cpp.xml', 'stmt', 16))
2024-02-28 19:02:25,789	[INFO]	56      COMPILE_CODE_ERROR    None  [1 edit(s)]       
2024-02-28 19:02:25,929	[DEBUG]	IfReplacement(('triangle.cpp.xml', 'if', 3), ('triangle.cpp.xml', 'stmt', 2))
2024-02-28 19:02:25,929	[INFO]	57      COMPILE_CODE_ERROR    None  [1 edit(s)]       
2024-02-28 19:02:26,776	[DEBUG]	EXEC>  SUCCESS 0.0895
2024-02-28 19:02:26,777	[DEBUG]	ExprStmtInsertion(('triangle.cpp.xml', '_inter_block', 23), ('triangle.cpp.xml', 'expr_stmt', 9))
2024-02-28 19:02:26,778	[INFO]	58      SUCCESS               0.0895 (100.9%) [1 edit(s)] 
2024-02-28 19:02:27,539	[DEBUG]	IfDeletion(('triangle.cpp.xml', 'if', 5))
2024-02-28 19:02:27,540	[INFO]	59      TEST_CODE_ERROR       None  [1 edit(s)]       
2024-02-28 19:02:28,290	[DEBUG]	ReturnDeletion(('triangle.cpp.xml', 'return', 1))
2024-02-28 19:02:28,291	[INFO]	60      TEST_CODE_ERROR       None  [1 edit(s)]       
2024-02-28 19:02:28,435	[DEBUG]	DeclStmtDeletion(('triangle.cpp.xml', 'decl_stmt', 0))
2024-02-28 19:02:28,435	[INFO]	61      COMPILE_CODE_ERROR    None  [1 edit(s)]       
2024-02-28 19:02:29,167	[DEBUG]	IfReplacement(('triangle.cpp.xml', 'if', 2), ('triangle.cpp.xml', 'stmt', 9))
2024-02-28 19:02:29,168	[INFO]	62      TEST_CODE_ERROR       None  [1 edit(s)]       
2024-02-28 19:02:29,926	[DEBUG]	IfReplacement(('triangle.cpp.xml', 'if', 1), ('triangle.cpp.xml', 'stmt', 9))
2024-02-28 19:02:29,927	[INFO]	63      TEST_CODE_ERROR       None  [1 edit(s)]       
2024-02-28 19:02:30,825	[DEBUG]	EXEC>  SUCCESS 0.0881
2024-02-28 19:02:30,826	[DEBUG]	IfInsertion(('triangle.cpp.xml', '_inter_block', 9), ('triangle.cpp.xml', 'if', 3))
2024-02-28 19:02:30,827	[INFO]	64      SUCCESS               0.0881 (99.32%) [1 edit(s)] 
2024-02-28 19:02:31,025	[DEBUG]	DeclStmtDeletion(('triangle.cpp.xml', 'decl_stmt', 1))
2024-02-28 19:02:31,026	[INFO]	65      COMPILE_CODE_ERROR    None  [1 edit(s)]       
2024-02-28 19:02:31,785	[DEBUG]	ReturnDeletion(('triangle.cpp.xml', 'return', 0))
2024-02-28 19:02:31,787	[INFO]	66      TEST_CODE_ERROR       None  [1 edit(s)]       
2024-02-28 19:02:32,571	[DEBUG]	IfDeletion(('triangle.cpp.xml', 'if', 2))
2024-02-28 19:02:32,572	[INFO]	67      TEST_CODE_ERROR       None  [1 edit(s)]       
2024-02-28 19:02:33,267	[DEBUG]	ReturnReplacement(('triangle.cpp.xml', 'return', 0), ('triangle.cpp.xml', 'stmt', 14))
2024-02-28 19:02:33,274	[INFO]	68      TEST_CODE_ERROR       None  [1 edit(s)]       
2024-02-28 19:02:33,995	[DEBUG]	ExprStmtDeletion(('triangle.cpp.xml', 'expr_stmt', 7))
2024-02-28 19:02:33,995	[INFO]	69      TEST_CODE_ERROR       None  [1 edit(s)]       
2024-02-28 19:02:34,887	[DEBUG]	EXEC>  SUCCESS 0.0857
2024-02-28 19:02:34,888	[DEBUG]	ExprStmtInsertion(('triangle.cpp.xml', '_inter_block', 28), ('triangle.cpp.xml', 'expr_stmt', 2))
2024-02-28 19:02:34,888	[INFO]	70      SUCCESS               0.0857 (96.62%) [1 edit(s)] 
2024-02-28 19:02:35,023	[DEBUG]	DeclStmtDeletion(('triangle.cpp.xml', 'decl_stmt', 1))
2024-02-28 19:02:35,023	[INFO]	71      COMPILE_CODE_ERROR    None  [1 edit(s)]       
2024-02-28 19:02:35,814	[DEBUG]	ReturnReplacement(('triangle.cpp.xml', 'return', 0), ('triangle.cpp.xml', 'stmt', 20))
2024-02-28 19:02:35,815	[INFO]	72      TEST_CODE_ERROR       None  [1 edit(s)]       
2024-02-28 19:02:36,683	[DEBUG]	ReturnInsertion(('triangle.cpp.xml', '_inter_block', 15), ('triangle.cpp.xml', 'return', 0))
2024-02-28 19:02:36,683	[INFO]	73      TEST_CODE_ERROR       None  [1 edit(s)]       
2024-02-28 19:02:37,392	[DEBUG]	ReturnDeletion(('triangle.cpp.xml', 'return', 0))
2024-02-28 19:02:37,393	[INFO]	74      TEST_CODE_ERROR       None  [1 edit(s)]       
2024-02-28 19:02:38,186	[DEBUG]	EXEC>  SUCCESS 0.0882
2024-02-28 19:02:38,187	[DEBUG]	DeclStmtInsertion(('triangle.cpp.xml', '_inter_block', 18), ('triangle.cpp.xml', 'decl_stmt', 1))
2024-02-28 19:02:38,188	[INFO]	75      SUCCESS               0.0882 (99.44%) [1 edit(s)] 
2024-02-28 19:02:38,918	[DEBUG]	ReturnReplacement(('triangle.cpp.xml', 'return', 3), ('triangle.cpp.xml', 'stmt', 11))
2024-02-28 19:02:38,919	[INFO]	76      TEST_CODE_ERROR       None  [1 edit(s)]       
2024-02-28 19:02:39,591	[DEBUG]	ExprStmtDeletion(('triangle.cpp.xml', 'expr_stmt', 5))
2024-02-28 19:02:39,592	[INFO]	77      TEST_CODE_ERROR       None  [1 edit(s)]       
2024-02-28 19:02:40,262	[DEBUG]	IfReplacement(('triangle.cpp.xml', 'if', 4), ('triangle.cpp.xml', 'stmt', 13))
2024-02-28 19:02:40,262	[INFO]	78      TEST_CODE_ERROR       None  [1 edit(s)]       
2024-02-28 19:02:41,003	[DEBUG]	ReturnReplacement(('triangle.cpp.xml', 'return', 0), ('triangle.cpp.xml', 'stmt', 10))
2024-02-28 19:02:41,004	[INFO]	79      TEST_CODE_ERROR       None  [1 edit(s)]       
2024-02-28 19:02:41,751	[DEBUG]	IfDeletion(('triangle.cpp.xml', 'if', 4))
2024-02-28 19:02:41,751	[INFO]	80      TEST_CODE_ERROR       None  [1 edit(s)]       
2024-02-28 19:02:42,536	[DEBUG]	IfReplacement(('triangle.cpp.xml', 'if', 4), ('triangle.cpp.xml', 'stmt', 9))
2024-02-28 19:02:42,536	[INFO]	81      TEST_CODE_ERROR       None  [1 edit(s)]       
2024-02-28 19:02:43,443	[DEBUG]	EXEC>  SUCCESS 0.0838
2024-02-28 19:02:43,444	[DEBUG]	IfInsertion(('triangle.cpp.xml', '_inter_block', 28), ('triangle.cpp.xml', 'if', 4))
2024-02-28 19:02:43,445	[INFO]	82      SUCCESS               0.0838 (94.48%) [1 edit(s)] 
2024-02-28 19:02:44,118	[DEBUG]	ExprStmtDeletion(('triangle.cpp.xml', 'expr_stmt', 5))
2024-02-28 19:02:44,119	[INFO]	83      TEST_CODE_ERROR       None  [1 edit(s)]       
2024-02-28 19:02:44,246	[DEBUG]	DeclStmtReplacement(('triangle.cpp.xml', 'decl_stmt', 1), ('triangle.cpp.xml', 'stmt', 6))
2024-02-28 19:02:44,247	[INFO]	84      COMPILE_CODE_ERROR    None  [1 edit(s)]       
2024-02-28 19:02:44,971	[DEBUG]	IfReplacement(('triangle.cpp.xml', 'if', 5), ('triangle.cpp.xml', 'stmt', 12))
2024-02-28 19:02:44,971	[INFO]	85      TEST_CODE_ERROR       None  [1 edit(s)]       
2024-02-28 19:02:45,774	[DEBUG]	ReturnDeletion(('triangle.cpp.xml', 'return', 0))
2024-02-28 19:02:45,775	[INFO]	86      TEST_CODE_ERROR       None  [1 edit(s)]       
2024-02-28 19:02:46,491	[DEBUG]	IfDeletion(('triangle.cpp.xml', 'if', 5))
2024-02-28 19:02:46,491	[INFO]	87      TEST_CODE_ERROR       None  [1 edit(s)]       
2024-02-28 19:02:47,244	[DEBUG]	ReturnInsertion(('triangle.cpp.xml', '_inter_block', 20), ('triangle.cpp.xml', 'return', 0))
2024-02-28 19:02:47,244	[INFO]	88      TEST_CODE_ERROR       None  [1 edit(s)]       
2024-02-28 19:02:47,365	[DEBUG]	DeclStmtDeletion(('triangle.cpp.xml', 'decl_stmt', 1))
2024-02-28 19:02:47,366	[INFO]	89      COMPILE_CODE_ERROR    None  [1 edit(s)]       
2024-02-28 19:02:48,128	[DEBUG]	EXEC>  SUCCESS 0.0858
2024-02-28 19:02:48,128	[DEBUG]	IfInsertion(('triangle.cpp.xml', '_inter_block', 9), ('triangle.cpp.xml', 'if', 1))
2024-02-28 19:02:48,129	[INFO]	90      SUCCESS               0.0858 (96.73%) [1 edit(s)] 
2024-02-28 19:02:48,810	[DEBUG]	IfReplacement(('triangle.cpp.xml', 'if', 0), ('triangle.cpp.xml', 'stmt', 11))
2024-02-28 19:02:48,811	[INFO]	91      TEST_CODE_ERROR       None  [1 edit(s)]       
2024-02-28 19:02:49,596	[DEBUG]	ExprStmtDeletion(('triangle.cpp.xml', 'expr_stmt', 10))
2024-02-28 19:02:49,597	[INFO]	92      TEST_CODE_ERROR       None  [1 edit(s)]       
2024-02-28 19:02:49,741	[DEBUG]	DeclStmtDeletion(('triangle.cpp.xml', 'decl_stmt', 1))
2024-02-28 19:02:49,742	[INFO]	93      COMPILE_CODE_ERROR    None  [1 edit(s)]       
2024-02-28 19:02:50,598	[DEBUG]	EXEC>  SUCCESS 0.0868
2024-02-28 19:02:50,599	[DEBUG]	IfInsertion(('triangle.cpp.xml', '_inter_block', 23), ('triangle.cpp.xml', 'if', 0))
2024-02-28 19:02:50,600	[INFO]	94      SUCCESS               0.0868 (97.86%) [1 edit(s)] 
2024-02-28 19:02:51,611	[DEBUG]	ReturnReplacement(('triangle.cpp.xml', 'return', 2), ('triangle.cpp.xml', 'stmt', 9))
2024-02-28 19:02:51,612	[INFO]	95      TEST_CODE_ERROR       None  [1 edit(s)]       
2024-02-28 19:02:52,488	[DEBUG]	IfReplacement(('triangle.cpp.xml', 'if', 4), ('triangle.cpp.xml', 'stmt', 9))
2024-02-28 19:02:52,489	[INFO]	96      TEST_CODE_ERROR       None  [1 edit(s)]       
2024-02-28 19:02:53,218	[DEBUG]	ExprStmtReplacement(('triangle.cpp.xml', 'expr_stmt', 1), ('triangle.cpp.xml', 'stmt', 12))
2024-02-28 19:02:53,218	[INFO]	97      TEST_CODE_ERROR       None  [1 edit(s)]       
2024-02-28 19:02:54,075	[DEBUG]	EXEC>  SUCCESS 0.0857
2024-02-28 19:02:54,076	[DEBUG]	IfDeletion(('triangle.cpp.xml', 'if', 1))
2024-02-28 19:02:54,076	[INFO]	98      SUCCESS               0.0857 (96.62%) [1 edit(s)] 
2024-02-28 19:02:54,830	[DEBUG]	IfInsertion(('triangle.cpp.xml', '_inter_block', 16), ('triangle.cpp.xml', 'if', 2))
2024-02-28 19:02:54,830	[INFO]	99      TEST_CODE_ERROR       None  [1 edit(s)]       
2024-02-28 19:02:55,559	[DEBUG]	IfReplacement(('triangle.cpp.xml', 'if', 5), ('triangle.cpp.xml', 'stmt', 0))
2024-02-28 19:02:55,560	[INFO]	100     TEST_CODE_ERROR       None  [1 edit(s)]       
2024-02-28 19:02:55,561	[INFO]	==== END ====
2024-02-28 19:02:55,561	[INFO]	
2024-02-28 19:02:55,561	[INFO]	==== REPORT ====
2024-02-28 19:02:55,562	[INFO]	Termination: step budget
2024-02-28 19:02:55,562	[INFO]	Log file: /workspaces/magpie/_magpie_logs/triangle-cpp_slow_1709146912.log
2024-02-28 19:02:55,563	[INFO]	Patch file: _magpie_logs/triangle-cpp_slow_1709146912.patch
2024-02-28 19:02:55,563	[INFO]	Diff file: _magpie_logs/triangle-cpp_slow_1709146912.diff
2024-02-28 19:02:55,563	[INFO]	Best fitness: 0.0831
2024-02-28 19:02:55,564	[INFO]	Best patch: IfInsertion(('triangle.cpp.xml', '_inter_block', 12), ('triangle.cpp.xml', 'if', 5))
2024-02-28 19:02:55,564	[INFO]	Diff:
--- before: triangle.cpp
+++ after: triangle.cpp
@@ -41,5 +41,9 @@
     /*auto*/{
       return ISOSCELES;
     }/*auto*/
+  if(a == b || b == c)
+    /*auto*/{
+      return ISOSCELES;
+    }/*auto*/
   return SCALENE;
 }

